<?xml version="1.0" encoding="UTF-8"?>
<testng-results ignored="0" total="1" passed="1" failed="0" skipped="0">
  <reporter-output>
  </reporter-output>
  <suite started-at="2024-03-11T12:34:19 IST" name="Default suite" finished-at="2024-03-11T12:34:52 IST" duration-ms="33146">
    <groups>
      <group name="smoke">
        <method signature="ToCreateOpportunityTest.toCreateAnOpportunityWithOrganizationAndCampaignDetails()[pri:0, instance:vtiger.opportunity_module.ToCreateOpportunityTest@8f2ef19]" name="toCreateAnOpportunityWithOrganizationAndCampaignDetails" class="vtiger.opportunity_module.ToCreateOpportunityTest"/>
      </group> <!-- smoke -->
    </groups>
    <test started-at="2024-03-11T12:34:19 IST" name="Default test" finished-at="2024-03-11T12:34:52 IST" duration-ms="33146">
      <class name="vtiger.opportunity_module.ToCreateOpportunityTest">
        <test-method is-config="true" signature="bsConfig()[pri:0, instance:vtiger.opportunity_module.ToCreateOpportunityTest@8f2ef19]" started-at="2024-03-11T12:34:19 IST" name="bsConfig" finished-at="2024-03-11T12:34:19 IST" duration-ms="18" status="PASS">
          <reporter-output>
          </reporter-output>
        </test-method> <!-- bsConfig -->
        <test-method is-config="true" signature="btConfig()[pri:0, instance:vtiger.opportunity_module.ToCreateOpportunityTest@8f2ef19]" started-at="2024-03-11T12:34:19 IST" name="btConfig" finished-at="2024-03-11T12:34:22 IST" duration-ms="2887" status="PASS">
          <reporter-output>
          </reporter-output>
        </test-method> <!-- btConfig -->
        <test-method is-config="true" signature="bmConfig()[pri:0, instance:vtiger.opportunity_module.ToCreateOpportunityTest@8f2ef19]" started-at="2024-03-11T12:34:22 IST" name="bmConfig" finished-at="2024-03-11T12:34:24 IST" duration-ms="2236" status="PASS">
          <reporter-output>
          </reporter-output>
        </test-method> <!-- bmConfig -->
        <test-method signature="toCreateAnOpportunityWithOrganizationAndCampaignDetails()[pri:0, instance:vtiger.opportunity_module.ToCreateOpportunityTest@8f2ef19]" started-at="2024-03-11T12:34:24 IST" name="toCreateAnOpportunityWithOrganizationAndCampaignDetails" finished-at="2024-03-11T12:34:50 IST" duration-ms="25671" status="PASS">
          <reporter-output>
          </reporter-output>
        </test-method> <!-- toCreateAnOpportunityWithOrganizationAndCampaignDetails -->
        <test-method is-config="true" signature="amConfig()[pri:0, instance:vtiger.opportunity_module.ToCreateOpportunityTest@8f2ef19]" started-at="2024-03-11T12:34:50 IST" name="amConfig" finished-at="2024-03-11T12:34:51 IST" duration-ms="1402" status="PASS">
          <reporter-output>
          </reporter-output>
        </test-method> <!-- amConfig -->
        <test-method is-config="true" signature="acConfig()[pri:0, instance:vtiger.opportunity_module.ToCreateOpportunityTest@8f2ef19]" started-at="2024-03-11T12:34:52 IST" name="acConfig" finished-at="2024-03-11T12:34:52 IST" duration-ms="431" status="PASS">
          <reporter-output>
          </reporter-output>
        </test-method> <!-- acConfig -->
        <test-method is-config="true" signature="asConfig()[pri:0, instance:vtiger.opportunity_module.ToCreateOpportunityTest@8f2ef19]" started-at="2024-03-11T12:34:52 IST" name="asConfig" finished-at="2024-03-11T12:34:52 IST" duration-ms="1" status="PASS">
          <reporter-output>
          </reporter-output>
        </test-method> <!-- asConfig -->
      </class> <!-- vtiger.opportunity_module.ToCreateOpportunityTest -->
    </test> <!-- Default test -->
  </suite> <!-- Default suite -->
</testng-results>
