<?xml version="1.0" encoding="UTF-8"?>
<testsuite xmlns:xsi="http://www.w3.org/2001/XMLSchema-instance" xsi:noNamespaceSchemaLocation="https://maven.apache.org/surefire/maven-surefire-plugin/xsd/surefire-test-report-3.0.xsd" version="3.0" name="TestSuite" time="92.678" tests="2" errors="0" skipped="0" failures="0">
  <properties>
[...]
</properties>
  <testcase name="toCreateALeadAndVerifyTheLeadInfo" classname="vtiger.lead_Module.ToCreateALeadTest" time="25.184">
    <system-out><![CDATA[Launch the browser & Navigate to the URl
Launch the Browser
Navigate to the URL
Login to the application
Pass: The lead has been created
]]></system-out>
    <system-err><![CDATA[ERROR StatusLogger Log4j2 could not find a logging implementation. Please add log4j-core to the classpath. Using SimpleLogger to log to the console...
]]></system-err>
  </testcase>
  <testcase name="toCreateAnOpportunityWithOrganizationAndCampaignDetails" classname="vtiger.opportunity_module.ToCreateOpportunityTest" time="39.409">
    <system-out><![CDATA[Browser is closed
Launch the browser & Navigate to the URl
Launch the Browser
Navigate to the URL
Login to the application
suzuki3668
opportnity page title Accounts&action
CLICKED sAVED IN oRGANIZATION module
Pass: The organization has been created
Pass: The campaign has been created
kya hai parent page title Administrator - Opportunities - vtiger CRM 5 - Commercial Open Source CRM
Organization name suzuki3668
kaha switch karna hai Accounts&action
kitne page hai 2
4898D9C4672773926129904593561174
current title kya aaya Administrator - Opportunities - vtiger CRM 5 - Commercial Open Source CRM
Title of pages to switch kya hai Accounts&action
E16C5216E4BC3840F21FEF21CD707693
current title kya aaya 
Title of pages to switch kya hai Accounts&action
========================
kitne page hai 1
4898D9C4672773926129904593561174
current title kya aaya Administrator - Opportunities - vtiger CRM 5 - Commercial Open Source CRM
Title of pages to switch kya hai Administrator - Opportunities - vtiger CRM 5 - Commercial Open Source CRM
Administrator - Opportunities - vtiger CRM 5 - Commercial Open Source CRM
kitne page hai 2
4898D9C4672773926129904593561174
current title kya aaya Administrator - Opportunities - vtiger CRM 5 - Commercial Open Source CRM
Title of pages to switch kya hai Campaigns&action
30DCBC80D0C2B53865D86DC91C9B8676
current title kya aaya 
Title of pages to switch kya hai Campaigns&action
kitne page hai 1
4898D9C4672773926129904593561174
current title kya aaya Administrator - Opportunities - vtiger CRM 5 - Commercial Open Source CRM
Title of pages to switch kya hai Administrator - Opportunities - vtiger CRM 5 - Commercial Open Source CRM
Administrator - Opportunities - vtiger CRM 5 - Commercial Open Source CRM
Pass: The Opportunity has been created
]]></system-out>
  </testcase>
</testsuite>