<?xml version="1.0" encoding="UTF-8"?>
<!-- Generated by org.testng.reporters.JUnitXMLReporter -->
<testsuite ignored="0" hostname="Shiv" failures="0" tests="2" name="Surefire test" time="91.869" errors="0" timestamp="12 Mar 2024 07:12:11 GMT">
  <testcase classname="vtiger.lead_Module.ToCreateALeadTest" name="toCreateALeadAndVerifyTheLeadInfo" time="25.178"/>
  <testcase classname="vtiger.opportunity_module.ToCreateOpportunityTest" name="toCreateAnOpportunityWithOrganizationAndCampaignDetails" time="39.411"/>
</testsuite> <!-- Surefire test -->
